2021-10-06 17:13:40.118  INFO 7708 --- [main] tn.esprit.test.EmployeTest               : Starting EmployeTest on DESKTOP-G6UFQ88 with PID 7708 (started by OMEN in C:\Users\OMEN\Documents\TimesheetProject)
2021-10-06 17:13:40.125  INFO 7708 --- [main] tn.esprit.test.EmployeTest               : No active profile set, falling back to default profiles: default
2021-10-06 17:13:40.999  INFO 7708 --- [main] .s.d.r.c.RepositoryConfigurationDelegate : Bootstrapping Spring Data repositories in DEFAULT mode.
2021-10-06 17:13:41.120  INFO 7708 --- [main] .s.d.r.c.RepositoryConfigurationDelegate : Finished Spring Data repository scanning in 106ms. Found 6 repository interfaces.
2021-10-06 17:13:41.679  INFO 7708 --- [main] trationDelegate$BeanPostProcessorChecker : Bean 'org.springframework.transaction.annotation.ProxyTransactionManagementConfiguration' of type [org.springframework.transaction.annotation.ProxyTransactionManagementConfiguration$$EnhancerBySpringCGLIB$$d311b372] is not eligible for getting processed by all BeanPostProcessors (for example: not eligible for auto-proxying)
2021-10-06 17:13:41.957  INFO 7708 --- [main] com.zaxxer.hikari.HikariDataSource       : HikariPool-1 - Starting...
2021-10-06 17:13:42.177  INFO 7708 --- [main] com.zaxxer.hikari.HikariDataSource       : HikariPool-1 - Start completed.
2021-10-06 17:13:42.267  INFO 7708 --- [main] o.hibernate.jpa.internal.util.LogHelper  : HHH000204: Processing PersistenceUnitInfo [
	name: default
	...]
2021-10-06 17:13:42.487  INFO 7708 --- [main] org.hibernate.Version                    : HHH000412: Hibernate Core {5.3.9.Final}
2021-10-06 17:13:42.491  INFO 7708 --- [main] org.hibernate.cfg.Environment            : HHH000206: hibernate.properties not found
2021-10-06 17:13:42.758  INFO 7708 --- [main] o.hibernate.annotations.common.Version   : HCANN000001: Hibernate Commons Annotations {5.0.4.Final}
2021-10-06 17:13:43.262  INFO 7708 --- [main] org.hibernate.dialect.Dialect            : HHH000400: Using dialect: org.hibernate.dialect.MySQL5Dialect
2021-10-06 17:13:44.632  INFO 7708 --- [main] j.LocalContainerEntityManagerFactoryBean : Initialized JPA EntityManagerFactory for persistence unit 'default'
2021-10-06 17:13:45.087  INFO 7708 --- [main] o.h.h.i.QueryTranslatorFactoryInitiator  : HHH000397: Using ASTQueryTranslatorFactory
2021-10-06 17:13:46.588  INFO 7708 --- [main] o.s.s.concurrent.ThreadPoolTaskExecutor  : Initializing ExecutorService 'applicationTaskExecutor'
2021-10-06 17:13:46.684  WARN 7708 --- [main] aWebConfiguration$JpaWebMvcConfiguration : spring.jpa.open-in-view is enabled by default. Therefore, database queries may be performed during view rendering. Explicitly configure spring.jpa.open-in-view to disable this warning
2021-10-06 17:13:47.570  INFO 7708 --- [main] tn.esprit.test.EmployeTest               : Started EmployeTest in 7.847 seconds (JVM running for 8.877)
2021-10-06 17:13:47.755  INFO 7708 --- [main] tn.esprit.test.EmployeTest               : retrieveUser : tn.esprit.spring.entities.Employe@2f5f5bc9
2021-10-06 17:13:47.765  INFO 7708 --- [Thread-2] o.s.s.concurrent.ThreadPoolTaskExecutor  : Shutting down ExecutorService 'applicationTaskExecutor'
2021-10-06 17:13:47.769  INFO 7708 --- [Thread-2] j.LocalContainerEntityManagerFactoryBean : Closing JPA EntityManagerFactory for persistence unit 'default'
2021-10-06 17:13:47.772  INFO 7708 --- [Thread-2] com.zaxxer.hikari.HikariDataSource       : HikariPool-1 - Shutdown initiated...
2021-10-06 17:13:47.776  INFO 7708 --- [Thread-2] com.zaxxer.hikari.HikariDataSource       : HikariPool-1 - Shutdown completed.
2021-10-06 17:16:36.812  INFO 1344 --- [main] tn.esprit.test.EmployeTest               : Starting EmployeTest on DESKTOP-G6UFQ88 with PID 1344 (started by OMEN in C:\Users\OMEN\Documents\TimesheetProject)
2021-10-06 17:16:36.815  INFO 1344 --- [main] tn.esprit.test.EmployeTest               : No active profile set, falling back to default profiles: default
2021-10-06 17:16:37.641  INFO 1344 --- [main] .s.d.r.c.RepositoryConfigurationDelegate : Bootstrapping Spring Data repositories in DEFAULT mode.
2021-10-06 17:16:37.757  INFO 1344 --- [main] .s.d.r.c.RepositoryConfigurationDelegate : Finished Spring Data repository scanning in 106ms. Found 6 repository interfaces.
2021-10-06 17:16:38.242  INFO 1344 --- [main] trationDelegate$BeanPostProcessorChecker : Bean 'org.springframework.transaction.annotation.ProxyTransactionManagementConfiguration' of type [org.springframework.transaction.annotation.ProxyTransactionManagementConfiguration$$EnhancerBySpringCGLIB$$eb628307] is not eligible for getting processed by all BeanPostProcessors (for example: not eligible for auto-proxying)
2021-10-06 17:16:38.513  INFO 1344 --- [main] com.zaxxer.hikari.HikariDataSource       : HikariPool-1 - Starting...
2021-10-06 17:16:38.742  INFO 1344 --- [main] com.zaxxer.hikari.HikariDataSource       : HikariPool-1 - Start completed.
2021-10-06 17:16:38.832  INFO 1344 --- [main] o.hibernate.jpa.internal.util.LogHelper  : HHH000204: Processing PersistenceUnitInfo [
	name: default
	...]
2021-10-06 17:16:39.038  INFO 1344 --- [main] org.hibernate.Version                    : HHH000412: Hibernate Core {5.3.9.Final}
2021-10-06 17:16:39.041  INFO 1344 --- [main] org.hibernate.cfg.Environment            : HHH000206: hibernate.properties not found
2021-10-06 17:16:39.219  INFO 1344 --- [main] o.hibernate.annotations.common.Version   : HCANN000001: Hibernate Commons Annotations {5.0.4.Final}
2021-10-06 17:16:39.614  INFO 1344 --- [main] org.hibernate.dialect.Dialect            : HHH000400: Using dialect: org.hibernate.dialect.MySQL5Dialect
2021-10-06 17:16:40.796  INFO 1344 --- [main] j.LocalContainerEntityManagerFactoryBean : Initialized JPA EntityManagerFactory for persistence unit 'default'
2021-10-06 17:16:41.182  INFO 1344 --- [main] o.h.h.i.QueryTranslatorFactoryInitiator  : HHH000397: Using ASTQueryTranslatorFactory
2021-10-06 17:16:42.342  INFO 1344 --- [main] o.s.s.concurrent.ThreadPoolTaskExecutor  : Initializing ExecutorService 'applicationTaskExecutor'
2021-10-06 17:16:42.430  WARN 1344 --- [main] aWebConfiguration$JpaWebMvcConfiguration : spring.jpa.open-in-view is enabled by default. Therefore, database queries may be performed during view rendering. Explicitly configure spring.jpa.open-in-view to disable this warning
2021-10-06 17:16:43.118  INFO 1344 --- [main] tn.esprit.test.EmployeTest               : Started EmployeTest in 6.7 seconds (JVM running for 7.643)
2021-10-06 17:16:43.302  INFO 1344 --- [main] tn.esprit.test.EmployeTest               : retrieveUser : tn.esprit.spring.entities.Employe@1218e12
2021-10-06 17:16:43.312  INFO 1344 --- [Thread-2] o.s.s.concurrent.ThreadPoolTaskExecutor  : Shutting down ExecutorService 'applicationTaskExecutor'
2021-10-06 17:16:43.316  INFO 1344 --- [Thread-2] j.LocalContainerEntityManagerFactoryBean : Closing JPA EntityManagerFactory for persistence unit 'default'
2021-10-06 17:16:43.319  INFO 1344 --- [Thread-2] com.zaxxer.hikari.HikariDataSource       : HikariPool-1 - Shutdown initiated...
2021-10-06 17:16:43.324  INFO 1344 --- [Thread-2] com.zaxxer.hikari.HikariDataSource       : HikariPool-1 - Shutdown completed.
2021-10-06 17:20:37.095  INFO 9152 --- [main] tn.esprit.test.EmployeTest               : Starting EmployeTest on DESKTOP-G6UFQ88 with PID 9152 (started by OMEN in C:\Users\OMEN\Documents\TimesheetProject)
2021-10-06 17:20:37.095  INFO 9152 --- [main] tn.esprit.test.EmployeTest               : No active profile set, falling back to default profiles: default
2021-10-06 17:20:37.972  INFO 9152 --- [main] .s.d.r.c.RepositoryConfigurationDelegate : Bootstrapping Spring Data repositories in DEFAULT mode.
2021-10-06 17:20:38.118  INFO 9152 --- [main] .s.d.r.c.RepositoryConfigurationDelegate : Finished Spring Data repository scanning in 129ms. Found 6 repository interfaces.
2021-10-06 17:20:38.694  INFO 9152 --- [main] trationDelegate$BeanPostProcessorChecker : Bean 'org.springframework.transaction.annotation.ProxyTransactionManagementConfiguration' of type [org.springframework.transaction.annotation.ProxyTransactionManagementConfiguration$$EnhancerBySpringCGLIB$$54648c5d] is not eligible for getting processed by all BeanPostProcessors (for example: not eligible for auto-proxying)
2021-10-06 17:20:38.959  INFO 9152 --- [main] com.zaxxer.hikari.HikariDataSource       : HikariPool-1 - Starting...
2021-10-06 17:20:39.184  INFO 9152 --- [main] com.zaxxer.hikari.HikariDataSource       : HikariPool-1 - Start completed.
2021-10-06 17:20:39.283  INFO 9152 --- [main] o.hibernate.jpa.internal.util.LogHelper  : HHH000204: Processing PersistenceUnitInfo [
	name: default
	...]
2021-10-06 17:20:39.479  INFO 9152 --- [main] org.hibernate.Version                    : HHH000412: Hibernate Core {5.3.9.Final}
2021-10-06 17:20:39.481  INFO 9152 --- [main] org.hibernate.cfg.Environment            : HHH000206: hibernate.properties not found
2021-10-06 17:20:39.681  INFO 9152 --- [main] o.hibernate.annotations.common.Version   : HCANN000001: Hibernate Commons Annotations {5.0.4.Final}
2021-10-06 17:20:40.100  INFO 9152 --- [main] org.hibernate.dialect.Dialect            : HHH000400: Using dialect: org.hibernate.dialect.MySQL5Dialect
2021-10-06 17:20:41.301  INFO 9152 --- [main] j.LocalContainerEntityManagerFactoryBean : Initialized JPA EntityManagerFactory for persistence unit 'default'
2021-10-06 17:20:41.741  INFO 9152 --- [main] o.h.h.i.QueryTranslatorFactoryInitiator  : HHH000397: Using ASTQueryTranslatorFactory
2021-10-06 17:20:43.045  INFO 9152 --- [main] o.s.s.concurrent.ThreadPoolTaskExecutor  : Initializing ExecutorService 'applicationTaskExecutor'
2021-10-06 17:20:43.124  WARN 9152 --- [main] aWebConfiguration$JpaWebMvcConfiguration : spring.jpa.open-in-view is enabled by default. Therefore, database queries may be performed during view rendering. Explicitly configure spring.jpa.open-in-view to disable this warning
2021-10-06 17:20:43.840  INFO 9152 --- [main] tn.esprit.test.EmployeTest               : Started EmployeTest in 7.107 seconds (JVM running for 8.21)
2021-10-06 17:20:44.060  INFO 9152 --- [main] tn.esprit.test.EmployeTest               : ajouter employe : tn.esprit.spring.entities.Employe@1218e12
2021-10-06 17:20:44.071  INFO 9152 --- [Thread-2] o.s.s.concurrent.ThreadPoolTaskExecutor  : Shutting down ExecutorService 'applicationTaskExecutor'
2021-10-06 17:20:44.074  INFO 9152 --- [Thread-2] j.LocalContainerEntityManagerFactoryBean : Closing JPA EntityManagerFactory for persistence unit 'default'
2021-10-06 17:20:44.077  INFO 9152 --- [Thread-2] com.zaxxer.hikari.HikariDataSource       : HikariPool-1 - Shutdown initiated...
2021-10-06 17:20:44.083  INFO 9152 --- [Thread-2] com.zaxxer.hikari.HikariDataSource       : HikariPool-1 - Shutdown completed.
2021-10-06 17:33:19.144  INFO 12660 --- [main] tn.esprit.test.EmployeTest               : Starting EmployeTest on DESKTOP-G6UFQ88 with PID 12660 (started by OMEN in C:\Users\OMEN\Documents\TimesheetProject)
2021-10-06 17:33:19.146  INFO 12660 --- [main] tn.esprit.test.EmployeTest               : No active profile set, falling back to default profiles: default
2021-10-06 17:33:20.031  INFO 12660 --- [main] .s.d.r.c.RepositoryConfigurationDelegate : Bootstrapping Spring Data repositories in DEFAULT mode.
2021-10-06 17:33:20.165  INFO 12660 --- [main] .s.d.r.c.RepositoryConfigurationDelegate : Finished Spring Data repository scanning in 123ms. Found 6 repository interfaces.
2021-10-06 17:33:20.639  INFO 12660 --- [main] trationDelegate$BeanPostProcessorChecker : Bean 'org.springframework.transaction.annotation.ProxyTransactionManagementConfiguration' of type [org.springframework.transaction.annotation.ProxyTransactionManagementConfiguration$$EnhancerBySpringCGLIB$$d2296d36] is not eligible for getting processed by all BeanPostProcessors (for example: not eligible for auto-proxying)
2021-10-06 17:33:20.919  INFO 12660 --- [main] com.zaxxer.hikari.HikariDataSource       : HikariPool-1 - Starting...
2021-10-06 17:33:21.107  INFO 12660 --- [main] com.zaxxer.hikari.HikariDataSource       : HikariPool-1 - Start completed.
2021-10-06 17:33:21.289  INFO 12660 --- [main] o.hibernate.jpa.internal.util.LogHelper  : HHH000204: Processing PersistenceUnitInfo [
	name: default
	...]
2021-10-06 17:33:21.376  INFO 12660 --- [main] org.hibernate.Version                    : HHH000412: Hibernate Core {5.3.9.Final}
2021-10-06 17:33:21.380  INFO 12660 --- [main] org.hibernate.cfg.Environment            : HHH000206: hibernate.properties not found
2021-10-06 17:33:21.569  INFO 12660 --- [main] o.hibernate.annotations.common.Version   : HCANN000001: Hibernate Commons Annotations {5.0.4.Final}
2021-10-06 17:33:21.948  INFO 12660 --- [main] org.hibernate.dialect.Dialect            : HHH000400: Using dialect: org.hibernate.dialect.MySQL5Dialect
2021-10-06 17:33:23.171  INFO 12660 --- [main] j.LocalContainerEntityManagerFactoryBean : Initialized JPA EntityManagerFactory for persistence unit 'default'
2021-10-06 17:33:23.549  INFO 12660 --- [main] o.h.h.i.QueryTranslatorFactoryInitiator  : HHH000397: Using ASTQueryTranslatorFactory
2021-10-06 17:33:24.738  INFO 12660 --- [main] o.s.s.concurrent.ThreadPoolTaskExecutor  : Initializing ExecutorService 'applicationTaskExecutor'
2021-10-06 17:33:24.818  WARN 12660 --- [main] aWebConfiguration$JpaWebMvcConfiguration : spring.jpa.open-in-view is enabled by default. Therefore, database queries may be performed during view rendering. Explicitly configure spring.jpa.open-in-view to disable this warning
2021-10-06 17:33:25.542  INFO 12660 --- [main] tn.esprit.test.EmployeTest               : Started EmployeTest in 6.743 seconds (JVM running for 7.695)
2021-10-06 17:33:25.854  INFO 12660 --- [Thread-2] o.s.s.concurrent.ThreadPoolTaskExecutor  : Shutting down ExecutorService 'applicationTaskExecutor'
2021-10-06 17:33:25.858  INFO 12660 --- [Thread-2] j.LocalContainerEntityManagerFactoryBean : Closing JPA EntityManagerFactory for persistence unit 'default'
2021-10-06 17:33:25.860  INFO 12660 --- [Thread-2] com.zaxxer.hikari.HikariDataSource       : HikariPool-1 - Shutdown initiated...
2021-10-06 17:33:25.865  INFO 12660 --- [Thread-2] com.zaxxer.hikari.HikariDataSource       : HikariPool-1 - Shutdown completed.
2021-10-06 17:37:46.957  INFO 7488 --- [main] tn.esprit.test.EmployeTest               : Starting EmployeTest on DESKTOP-G6UFQ88 with PID 7488 (started by OMEN in C:\Users\OMEN\Documents\TimesheetProject)
2021-10-06 17:37:46.959  INFO 7488 --- [main] tn.esprit.test.EmployeTest               : No active profile set, falling back to default profiles: default
2021-10-06 17:37:47.727  INFO 7488 --- [main] .s.d.r.c.RepositoryConfigurationDelegate : Bootstrapping Spring Data repositories in DEFAULT mode.
2021-10-06 17:37:47.836  INFO 7488 --- [main] .s.d.r.c.RepositoryConfigurationDelegate : Finished Spring Data repository scanning in 97ms. Found 6 repository interfaces.
2021-10-06 17:37:48.330  INFO 7488 --- [main] trationDelegate$BeanPostProcessorChecker : Bean 'org.springframework.transaction.annotation.ProxyTransactionManagementConfiguration' of type [org.springframework.transaction.annotation.ProxyTransactionManagementConfiguration$$EnhancerBySpringCGLIB$$1b6e273b] is not eligible for getting processed by all BeanPostProcessors (for example: not eligible for auto-proxying)
2021-10-06 17:37:48.617  INFO 7488 --- [main] com.zaxxer.hikari.HikariDataSource       : HikariPool-1 - Starting...
2021-10-06 17:37:48.815  INFO 7488 --- [main] com.zaxxer.hikari.HikariDataSource       : HikariPool-1 - Start completed.
2021-10-06 17:37:48.931  INFO 7488 --- [main] o.hibernate.jpa.internal.util.LogHelper  : HHH000204: Processing PersistenceUnitInfo [
	name: default
	...]
2021-10-06 17:37:49.114  INFO 7488 --- [main] org.hibernate.Version                    : HHH000412: Hibernate Core {5.3.9.Final}
2021-10-06 17:37:49.116  INFO 7488 --- [main] org.hibernate.cfg.Environment            : HHH000206: hibernate.properties not found
2021-10-06 17:37:49.287  INFO 7488 --- [main] o.hibernate.annotations.common.Version   : HCANN000001: Hibernate Commons Annotations {5.0.4.Final}
2021-10-06 17:37:49.726  INFO 7488 --- [main] org.hibernate.dialect.Dialect            : HHH000400: Using dialect: org.hibernate.dialect.MySQL5Dialect
2021-10-06 17:37:50.885  INFO 7488 --- [main] j.LocalContainerEntityManagerFactoryBean : Initialized JPA EntityManagerFactory for persistence unit 'default'
2021-10-06 17:37:51.269  INFO 7488 --- [main] o.h.h.i.QueryTranslatorFactoryInitiator  : HHH000397: Using ASTQueryTranslatorFactory
2021-10-06 17:37:52.421  INFO 7488 --- [main] o.s.s.concurrent.ThreadPoolTaskExecutor  : Initializing ExecutorService 'applicationTaskExecutor'
2021-10-06 17:37:52.514  WARN 7488 --- [main] aWebConfiguration$JpaWebMvcConfiguration : spring.jpa.open-in-view is enabled by default. Therefore, database queries may be performed during view rendering. Explicitly configure spring.jpa.open-in-view to disable this warning
2021-10-06 17:37:53.186  INFO 7488 --- [main] tn.esprit.test.EmployeTest               : Started EmployeTest in 6.563 seconds (JVM running for 7.431)
2021-10-06 17:37:53.456  INFO 7488 --- [main] tn.esprit.test.EmployeTest               : Employe : tn.esprit.spring.entities.Employe@6200b644ajouter !
2021-10-06 17:37:53.463  INFO 7488 --- [Thread-2] o.s.s.concurrent.ThreadPoolTaskExecutor  : Shutting down ExecutorService 'applicationTaskExecutor'
2021-10-06 17:37:53.466  INFO 7488 --- [Thread-2] j.LocalContainerEntityManagerFactoryBean : Closing JPA EntityManagerFactory for persistence unit 'default'
2021-10-06 17:37:53.469  INFO 7488 --- [Thread-2] com.zaxxer.hikari.HikariDataSource       : HikariPool-1 - Shutdown initiated...
2021-10-06 17:37:53.474  INFO 7488 --- [Thread-2] com.zaxxer.hikari.HikariDataSource       : HikariPool-1 - Shutdown completed.
2021-10-06 17:38:26.084  INFO 6372 --- [main] tn.esprit.test.EmployeTest               : Starting EmployeTest on DESKTOP-G6UFQ88 with PID 6372 (started by OMEN in C:\Users\OMEN\Documents\TimesheetProject)
2021-10-06 17:38:26.085  INFO 6372 --- [main] tn.esprit.test.EmployeTest               : No active profile set, falling back to default profiles: default
2021-10-06 17:38:26.949  INFO 6372 --- [main] .s.d.r.c.RepositoryConfigurationDelegate : Bootstrapping Spring Data repositories in DEFAULT mode.
2021-10-06 17:38:27.068  INFO 6372 --- [main] .s.d.r.c.RepositoryConfigurationDelegate : Finished Spring Data repository scanning in 108ms. Found 6 repository interfaces.
2021-10-06 17:38:27.548  INFO 6372 --- [main] trationDelegate$BeanPostProcessorChecker : Bean 'org.springframework.transaction.annotation.ProxyTransactionManagementConfiguration' of type [org.springframework.transaction.annotation.ProxyTransactionManagementConfiguration$$EnhancerBySpringCGLIB$$1b6e273b] is not eligible for getting processed by all BeanPostProcessors (for example: not eligible for auto-proxying)
2021-10-06 17:38:27.795  INFO 6372 --- [main] com.zaxxer.hikari.HikariDataSource       : HikariPool-1 - Starting...
2021-10-06 17:38:27.980  INFO 6372 --- [main] com.zaxxer.hikari.HikariDataSource       : HikariPool-1 - Start completed.
2021-10-06 17:38:28.064  INFO 6372 --- [main] o.hibernate.jpa.internal.util.LogHelper  : HHH000204: Processing PersistenceUnitInfo [
	name: default
	...]
2021-10-06 17:38:28.259  INFO 6372 --- [main] org.hibernate.Version                    : HHH000412: Hibernate Core {5.3.9.Final}
2021-10-06 17:38:28.263  INFO 6372 --- [main] org.hibernate.cfg.Environment            : HHH000206: hibernate.properties not found
2021-10-06 17:38:28.437  INFO 6372 --- [main] o.hibernate.annotations.common.Version   : HCANN000001: Hibernate Commons Annotations {5.0.4.Final}
2021-10-06 17:38:28.817  INFO 6372 --- [main] org.hibernate.dialect.Dialect            : HHH000400: Using dialect: org.hibernate.dialect.MySQL5Dialect
2021-10-06 17:38:30.040  INFO 6372 --- [main] j.LocalContainerEntityManagerFactoryBean : Initialized JPA EntityManagerFactory for persistence unit 'default'
2021-10-06 17:38:30.417  INFO 6372 --- [main] o.h.h.i.QueryTranslatorFactoryInitiator  : HHH000397: Using ASTQueryTranslatorFactory
2021-10-06 17:38:31.577  INFO 6372 --- [main] o.s.s.concurrent.ThreadPoolTaskExecutor  : Initializing ExecutorService 'applicationTaskExecutor'
2021-10-06 17:38:31.650  WARN 6372 --- [main] aWebConfiguration$JpaWebMvcConfiguration : spring.jpa.open-in-view is enabled by default. Therefore, database queries may be performed during view rendering. Explicitly configure spring.jpa.open-in-view to disable this warning
2021-10-06 17:38:32.379  INFO 6372 --- [main] tn.esprit.test.EmployeTest               : Started EmployeTest in 6.64 seconds (JVM running for 7.602)
2021-10-06 17:38:32.560 ERROR 6372 --- [main] tn.esprit.test.EmployeTest               : Erreur dans getAllPrducts() : java.util.NoSuchElementException: No value present
2021-10-06 17:38:32.607  INFO 6372 --- [main] tn.esprit.test.EmployeTest               : Employe : tn.esprit.spring.entities.Employe@12a6e8edajouter !
2021-10-06 17:38:32.615  INFO 6372 --- [Thread-2] o.s.s.concurrent.ThreadPoolTaskExecutor  : Shutting down ExecutorService 'applicationTaskExecutor'
2021-10-06 17:38:32.619  INFO 6372 --- [Thread-2] j.LocalContainerEntityManagerFactoryBean : Closing JPA EntityManagerFactory for persistence unit 'default'
2021-10-06 17:38:32.622  INFO 6372 --- [Thread-2] com.zaxxer.hikari.HikariDataSource       : HikariPool-1 - Shutdown initiated...
2021-10-06 17:38:32.628  INFO 6372 --- [Thread-2] com.zaxxer.hikari.HikariDataSource       : HikariPool-1 - Shutdown completed.
2021-10-06 17:47:22.160  INFO 3580 --- [main] tn.esprit.test.EmployeTest               : Starting EmployeTest on DESKTOP-G6UFQ88 with PID 3580 (started by OMEN in C:\Users\OMEN\Documents\TimesheetProject)
2021-10-06 17:47:22.162  INFO 3580 --- [main] tn.esprit.test.EmployeTest               : No active profile set, falling back to default profiles: default
2021-10-06 17:47:22.984  INFO 3580 --- [main] .s.d.r.c.RepositoryConfigurationDelegate : Bootstrapping Spring Data repositories in DEFAULT mode.
2021-10-06 17:47:23.097  INFO 3580 --- [main] .s.d.r.c.RepositoryConfigurationDelegate : Finished Spring Data repository scanning in 103ms. Found 6 repository interfaces.
2021-10-06 17:47:23.553  INFO 3580 --- [main] trationDelegate$BeanPostProcessorChecker : Bean 'org.springframework.transaction.annotation.ProxyTransactionManagementConfiguration' of type [org.springframework.transaction.annotation.ProxyTransactionManagementConfiguration$$EnhancerBySpringCGLIB$$d6b40132] is not eligible for getting processed by all BeanPostProcessors (for example: not eligible for auto-proxying)
2021-10-06 17:47:23.795  INFO 3580 --- [main] com.zaxxer.hikari.HikariDataSource       : HikariPool-1 - Starting...
2021-10-06 17:47:23.967  INFO 3580 --- [main] com.zaxxer.hikari.HikariDataSource       : HikariPool-1 - Start completed.
2021-10-06 17:47:24.058  INFO 3580 --- [main] o.hibernate.jpa.internal.util.LogHelper  : HHH000204: Processing PersistenceUnitInfo [
	name: default
	...]
2021-10-06 17:47:24.203  INFO 3580 --- [main] org.hibernate.Version                    : HHH000412: Hibernate Core {5.3.9.Final}
2021-10-06 17:47:24.204  INFO 3580 --- [main] org.hibernate.cfg.Environment            : HHH000206: hibernate.properties not found
2021-10-06 17:47:24.385  INFO 3580 --- [main] o.hibernate.annotations.common.Version   : HCANN000001: Hibernate Commons Annotations {5.0.4.Final}
2021-10-06 17:47:24.785  INFO 3580 --- [main] org.hibernate.dialect.Dialect            : HHH000400: Using dialect: org.hibernate.dialect.MySQL5Dialect
2021-10-06 17:47:25.946  INFO 3580 --- [main] j.LocalContainerEntityManagerFactoryBean : Initialized JPA EntityManagerFactory for persistence unit 'default'
2021-10-06 17:47:26.353  INFO 3580 --- [main] o.h.h.i.QueryTranslatorFactoryInitiator  : HHH000397: Using ASTQueryTranslatorFactory
2021-10-06 17:47:27.508  INFO 3580 --- [main] o.s.s.concurrent.ThreadPoolTaskExecutor  : Initializing ExecutorService 'applicationTaskExecutor'
2021-10-06 17:47:27.579  WARN 3580 --- [main] aWebConfiguration$JpaWebMvcConfiguration : spring.jpa.open-in-view is enabled by default. Therefore, database queries may be performed during view rendering. Explicitly configure spring.jpa.open-in-view to disable this warning
2021-10-06 17:47:28.058  INFO 3580 --- [main] tn.esprit.test.EmployeTest               : Started EmployeTest in 6.245 seconds (JVM running for 7.092)
2021-10-06 17:47:28.495  INFO 3580 --- [main] tn.esprit.test.EmployeTest               : employe : 3supprimer !!
2021-10-06 17:47:28.515  INFO 3580 --- [main] tn.esprit.test.EmployeTest               : Employe : tn.esprit.spring.entities.Employe@6cd7f381ajouter !
2021-10-06 17:47:28.523  INFO 3580 --- [Thread-2] o.s.s.concurrent.ThreadPoolTaskExecutor  : Shutting down ExecutorService 'applicationTaskExecutor'
2021-10-06 17:47:28.561  INFO 3580 --- [Thread-2] j.LocalContainerEntityManagerFactoryBean : Closing JPA EntityManagerFactory for persistence unit 'default'
2021-10-06 17:47:28.564  INFO 3580 --- [Thread-2] com.zaxxer.hikari.HikariDataSource       : HikariPool-1 - Shutdown initiated...
2021-10-06 17:47:28.567  INFO 3580 --- [Thread-2] com.zaxxer.hikari.HikariDataSource       : HikariPool-1 - Shutdown completed.
2021-10-06 17:50:40.693  INFO 9996 --- [main] tn.esprit.test.EmployeTest               : Starting EmployeTest on DESKTOP-G6UFQ88 with PID 9996 (started by OMEN in C:\Users\OMEN\Documents\TimesheetProject)
2021-10-06 17:50:40.694  INFO 9996 --- [main] tn.esprit.test.EmployeTest               : No active profile set, falling back to default profiles: default
2021-10-06 17:50:41.522  INFO 9996 --- [main] .s.d.r.c.RepositoryConfigurationDelegate : Bootstrapping Spring Data repositories in DEFAULT mode.
2021-10-06 17:50:41.644  INFO 9996 --- [main] .s.d.r.c.RepositoryConfigurationDelegate : Finished Spring Data repository scanning in 112ms. Found 6 repository interfaces.
2021-10-06 17:50:42.149  INFO 9996 --- [main] trationDelegate$BeanPostProcessorChecker : Bean 'org.springframework.transaction.annotation.ProxyTransactionManagementConfiguration' of type [org.springframework.transaction.annotation.ProxyTransactionManagementConfiguration$$EnhancerBySpringCGLIB$$d6b40132] is not eligible for getting processed by all BeanPostProcessors (for example: not eligible for auto-proxying)
2021-10-06 17:50:42.415  INFO 9996 --- [main] com.zaxxer.hikari.HikariDataSource       : HikariPool-1 - Starting...
2021-10-06 17:50:42.588  INFO 9996 --- [main] com.zaxxer.hikari.HikariDataSource       : HikariPool-1 - Start completed.
2021-10-06 17:50:42.681  INFO 9996 --- [main] o.hibernate.jpa.internal.util.LogHelper  : HHH000204: Processing PersistenceUnitInfo [
	name: default
	...]
2021-10-06 17:50:42.914  INFO 9996 --- [main] org.hibernate.Version                    : HHH000412: Hibernate Core {5.3.9.Final}
2021-10-06 17:50:42.916  INFO 9996 --- [main] org.hibernate.cfg.Environment            : HHH000206: hibernate.properties not found
2021-10-06 17:50:43.104  INFO 9996 --- [main] o.hibernate.annotations.common.Version   : HCANN000001: Hibernate Commons Annotations {5.0.4.Final}
2021-10-06 17:50:43.494  INFO 9996 --- [main] org.hibernate.dialect.Dialect            : HHH000400: Using dialect: org.hibernate.dialect.MySQL5Dialect
2021-10-06 17:50:44.732  INFO 9996 --- [main] j.LocalContainerEntityManagerFactoryBean : Initialized JPA EntityManagerFactory for persistence unit 'default'
2021-10-06 17:50:45.114  INFO 9996 --- [main] o.h.h.i.QueryTranslatorFactoryInitiator  : HHH000397: Using ASTQueryTranslatorFactory
2021-10-06 17:50:46.313  INFO 9996 --- [main] o.s.s.concurrent.ThreadPoolTaskExecutor  : Initializing ExecutorService 'applicationTaskExecutor'
2021-10-06 17:50:46.389  WARN 9996 --- [main] aWebConfiguration$JpaWebMvcConfiguration : spring.jpa.open-in-view is enabled by default. Therefore, database queries may be performed during view rendering. Explicitly configure spring.jpa.open-in-view to disable this warning
2021-10-06 17:50:47.084  INFO 9996 --- [main] tn.esprit.test.EmployeTest               : Started EmployeTest in 6.73 seconds (JVM running for 7.629)
2021-10-06 17:50:47.322  INFO 9996 --- [main] tn.esprit.test.EmployeTest               : employe 4 supprimer !!
2021-10-06 17:50:47.349  INFO 9996 --- [main] tn.esprit.test.EmployeTest               : Employe tn.esprit.spring.entities.Employe@6cd7f381ajouter !!
2021-10-06 17:50:47.357  INFO 9996 --- [Thread-2] o.s.s.concurrent.ThreadPoolTaskExecutor  : Shutting down ExecutorService 'applicationTaskExecutor'
2021-10-06 17:50:47.362  INFO 9996 --- [Thread-2] j.LocalContainerEntityManagerFactoryBean : Closing JPA EntityManagerFactory for persistence unit 'default'
2021-10-06 17:50:47.365  INFO 9996 --- [Thread-2] com.zaxxer.hikari.HikariDataSource       : HikariPool-1 - Shutdown initiated...
2021-10-06 17:50:47.369  INFO 9996 --- [Thread-2] com.zaxxer.hikari.HikariDataSource       : HikariPool-1 - Shutdown completed.
